[    22.006] (--) Log file renamed from "/home/lab/.local/share/xorg/Xorg.pid-1098.log" to "/home/lab/.local/share/xorg/Xorg.0.log"
[    22.010] 
X.Org X Server 1.20.5
X Protocol Version 11, Revision 0
[    22.011] Build Operating System: Linux 4.4.0-170-generic x86_64 Ubuntu
[    22.011] Current Operating System: Linux cs120blab 5.3.0-62-generic #56~18.04.1-Ubuntu SMP Wed Jun 24 16:17:03 UTC 2020 x86_64
[    22.011] Kernel command line: BOOT_IMAGE=/boot/vmlinuz-5.3.0-62-generic root=UUID=a23b533d-df55-4a30-89ab-39bd52689107 ro quiet splash
[    22.011] Build Date: 18 December 2019  08:15:29AM
[    22.011] xorg-server-hwe-18.04 2:1.20.5+git20191008-0ubuntu1~18.04.1 (For technical support please see http://www.ubuntu.com/support) 
[    22.012] Current version of pixman: 0.34.0
[    22.012] 	Before reporting problems, check http://wiki.x.org
	to make sure that you have the latest version.
[    22.012] Markers: (--) probed, (**) from config file, (==) default setting,
	(++) from command line, (!!) notice, (II) informational,
	(WW) warning, (EE) error, (NI) not implemented, (??) unknown.
[    22.013] (==) Log file: "/home/lab/.local/share/xorg/Xorg.0.log", Time: Sat Oct 24 20:44:46 2020
[    22.015] (==) Using system config directory "/usr/share/X11/xorg.conf.d"
[    22.019] (==) No Layout section.  Using the first Screen section.
[    22.020] (==) No screen section available. Using defaults.
[    22.020] (**) |-->Screen "Default Screen Section" (0)
[    22.020] (**) |   |-->Monitor "<default monitor>"
[    22.024] (==) No monitor specified for screen "Default Screen Section".
	Using a default monitor configuration.
[    22.024] (==) Automatically adding devices
[    22.024] (==) Automatically enabling devices
[    22.024] (==) Automatically adding GPU devices
[    22.024] (==) Automatically binding GPU devices
[    22.025] (==) Max clients allowed: 256, resource mask: 0x1fffff
[    22.029] (WW) The directory "/usr/share/fonts/X11/cyrillic" does not exist.
[    22.029] 	Entry deleted from font path.
[    22.029] (WW) The directory "/usr/share/fonts/X11/100dpi/" does not exist.
[    22.030] 	Entry deleted from font path.
[    22.030] (WW) The directory "/usr/share/fonts/X11/75dpi/" does not exist.
[    22.030] 	Entry deleted from font path.
[    22.031] (WW) The directory "/usr/share/fonts/X11/100dpi" does not exist.
[    22.032] 	Entry deleted from font path.
[    22.033] (WW) The directory "/usr/share/fonts/X11/75dpi" does not exist.
[    22.034] 	Entry deleted from font path.
[    22.035] (==) FontPath set to:
	/usr/share/fonts/X11/misc,
	/usr/share/fonts/X11/Type1,
	built-ins
[    22.035] (==) ModulePath set to "/usr/lib/xorg/modules"
[    22.035] (II) The server relies on udev to provide the list of input devices.
	If no devices become available, reconfigure udev or disable AutoAddDevices.
[    22.037] (II) Loader magic: 0x55a3c4065020
[    22.037] (II) Module ABI versions:
[    22.037] 	X.Org ANSI C Emulation: 0.4
[    22.037] 	X.Org Video Driver: 24.0
[    22.037] 	X.Org XInput driver : 24.1
[    22.037] 	X.Org Server Extension : 10.0
[    22.045] (++) using VT number 1

[    22.051] (II) systemd-logind: took control of session /org/freedesktop/login1/session/_31
[    22.053] (II) xfree86: Adding drm device (/dev/dri/card0)
[    22.060] (II) systemd-logind: got fd for /dev/dri/card0 226:0 fd 12 paused 0
[    22.069] (--) PCI:*(0@0:2:0) 15ad:0405:15ad:0405 rev 0, Mem @ 0xe0000000/16777216, 0xf0000000/2097152, I/O @ 0x0000d010/16, BIOS @ 0x????????/131072
[    22.070] (II) LoadModule: "glx"
[    22.071] (II) Loading /usr/lib/xorg/modules/extensions/libglx.so
[    22.096] (II) Module glx: vendor="X.Org Foundation"
[    22.096] 	compiled for 1.20.5, module version = 1.0.0
[    22.096] 	ABI class: X.Org Server Extension, version 10.0
[    22.096] (==) Matched vmware as autoconfigured driver 0
[    22.096] (==) Matched modesetting as autoconfigured driver 1
[    22.096] (==) Matched fbdev as autoconfigured driver 2
[    22.096] (==) Matched vesa as autoconfigured driver 3
[    22.096] (==) Assigned the driver to the xf86ConfigLayout
[    22.096] (II) LoadModule: "vmware"
[    22.096] (II) Loading /usr/lib/xorg/modules/drivers/vmware_drv.so
[    22.413] (II) Module vmware: vendor="X.Org Foundation"
[    22.413] 	compiled for 1.20.1, module version = 13.3.0
[    22.414] 	Module class: X.Org Video Driver
[    22.415] 	ABI class: X.Org Video Driver, version 24.0
[    22.415] (II) LoadModule: "modesetting"
[    22.416] (II) Loading /usr/lib/xorg/modules/drivers/modesetting_drv.so
[    22.421] (II) Module modesetting: vendor="X.Org Foundation"
[    22.421] 	compiled for 1.20.5, module version = 1.20.5
[    22.422] 	Module class: X.Org Video Driver
[    22.423] 	ABI class: X.Org Video Driver, version 24.0
[    22.423] (II) LoadModule: "fbdev"
[    22.424] (II) Loading /usr/lib/xorg/modules/drivers/fbdev_drv.so
[    22.428] (II) Module fbdev: vendor="X.Org Foundation"
[    22.428] 	compiled for 1.20.1, module version = 0.5.0
[    22.429] 	Module class: X.Org Video Driver
[    22.429] 	ABI class: X.Org Video Driver, version 24.0
[    22.429] (II) LoadModule: "vesa"
[    22.431] (II) Loading /usr/lib/xorg/modules/drivers/vesa_drv.so
[    22.433] (II) Module vesa: vendor="X.Org Foundation"
[    22.433] 	compiled for 1.20.1, module version = 2.4.0
[    22.434] 	Module class: X.Org Video Driver
[    22.435] 	ABI class: X.Org Video Driver, version 24.0
[    22.435] (II) vmware: driver for VMware SVGA: vmware0405, vmware0710
[    22.436] (II) modesetting: Driver for Modesetting Kernel Drivers: kms
[    22.436] (II) FBDEV: driver for framebuffer: fbdev
[    22.437] (II) VESA: driver for VESA chipsets: vesa
[    22.438] xf86EnableIOPorts: failed to set IOPL for I/O (Operation not permitted)
[    22.438] (WW) Falling back to old probe method for modesetting
[    22.438] (WW) Falling back to old probe method for fbdev
[    22.438] (II) Loading sub module "fbdevhw"
[    22.438] (II) LoadModule: "fbdevhw"
[    22.440] (II) Loading /usr/lib/xorg/modules/libfbdevhw.so
[    22.443] (II) Module fbdevhw: vendor="X.Org Foundation"
[    22.443] 	compiled for 1.20.5, module version = 0.0.2
[    22.443] 	ABI class: X.Org Video Driver, version 24.0
[    22.443] (EE) open /dev/fb0: Permission denied
[    22.443] (WW) VGA arbiter: cannot open kernel arbiter, no multi-card support
[    22.443] (II) vmware(0): Creating default Display subsection in Screen section
	"Default Screen Section" for depth/fbbpp 24/32
[    22.443] (--) vmware(0): DRM driver version is 2.15.0
[    22.443] (==) vmware(0): Depth 24, (--) framebuffer bpp 32
[    22.443] (==) vmware(0): RGB weight 888
[    22.444] (==) vmware(0): Default visual is TrueColor
[    22.444] (--) vmware(0): Min width 1, Max Width 8192.
[    22.444] (--) vmware(0): Min height 1, Max Height 8192.
[    22.444] (II) vmware(0): Output Virtual1 has no monitor section
[    22.445] (II) vmware(0): Output Virtual2 has no monitor section
[    22.445] (II) vmware(0): Output Virtual3 has no monitor section
[    22.445] (II) vmware(0): Output Virtual4 has no monitor section
[    22.445] (II) vmware(0): Output Virtual5 has no monitor section
[    22.445] (II) vmware(0): Output Virtual6 has no monitor section
[    22.445] (II) vmware(0): Output Virtual7 has no monitor section
[    22.445] (II) vmware(0): Output Virtual8 has no monitor section
[    22.445] (II) vmware(0): Printing probed modes for output Virtual1
[    22.446] (II) vmware(0): Modeline "800x600"x60.0   42.75  800 850 900 950  600 650 700 750 -hsync +vsync (45.0 kHz eP)
[    22.446] (II) vmware(0): Modeline "2560x1600"x60.0  348.50  2560 2752 3032 3504  1600 1603 1609 1658 -hsync +vsync (99.5 kHz e)
[    22.446] (II) vmware(0): Modeline "1920x1440"x60.0  234.00  1920 2048 2256 2600  1440 1441 1444 1500 -hsync +vsync (90.0 kHz e)
[    22.446] (II) vmware(0): Modeline "1856x1392"x60.0  218.25  1856 1952 2176 2528  1392 1393 1396 1439 -hsync +vsync (86.3 kHz e)
[    22.446] (II) vmware(0): Modeline "1792x1344"x60.0  204.75  1792 1920 2120 2448  1344 1345 1348 1394 -hsync +vsync (83.6 kHz e)
[    22.446] (II) vmware(0): Modeline "1920x1200"x59.9  193.25  1920 2056 2256 2592  1200 1203 1209 1245 -hsync +vsync (74.6 kHz e)
[    22.446] (II) vmware(0): Modeline "1600x1200"x60.0  162.00  1600 1664 1856 2160  1200 1201 1204 1250 +hsync +vsync (75.0 kHz e)
[    22.446] (II) vmware(0): Modeline "1680x1050"x60.0  146.25  1680 1784 1960 2240  1050 1053 1059 1089 -hsync +vsync (65.3 kHz e)
[    22.446] (II) vmware(0): Modeline "1400x1050"x60.0  121.75  1400 1488 1632 1864  1050 1053 1057 1089 -hsync +vsync (65.3 kHz e)
[    22.446] (II) vmware(0): Modeline "1280x1024"x60.0  108.00  1280 1328 1440 1688  1024 1025 1028 1066 +hsync +vsync (64.0 kHz e)
[    22.455] (II) vmware(0): Modeline "1440x900"x59.9  106.50  1440 1520 1672 1904  900 903 909 934 -hsync +vsync (55.9 kHz e)
[    22.455] (II) vmware(0): Modeline "1280x960"x60.0  108.00  1280 1376 1488 1800  960 961 964 1000 +hsync +vsync (60.0 kHz e)
[    22.455] (II) vmware(0): Modeline "1360x768"x60.0   85.50  1360 1424 1536 1792  768 771 777 795 +hsync +vsync (47.7 kHz e)
[    22.455] (II) vmware(0): Modeline "1280x800"x59.8   83.50  1280 1352 1480 1680  800 803 809 831 +hsync -vsync (49.7 kHz e)
[    22.455] (II) vmware(0): Modeline "1152x864"x75.0  108.00  1152 1216 1344 1600  864 865 868 900 +hsync +vsync (67.5 kHz e)
[    22.456] (II) vmware(0): Modeline "1280x768"x59.9   79.50  1280 1344 1472 1664  768 771 778 798 -hsync +vsync (47.8 kHz e)
[    22.456] (II) vmware(0): Modeline "1024x768"x60.0   65.00  1024 1048 1184 1344  768 771 777 806 -hsync -vsync (48.4 kHz e)
[    22.456] (II) vmware(0): Modeline "800x600"x60.3   40.00  800 840 968 1056  600 601 605 628 +hsync +vsync (37.9 kHz e)
[    22.456] (II) vmware(0): Modeline "640x480"x59.9   25.18  640 656 752 800  480 489 492 525 -hsync -vsync (31.5 kHz e)
[    22.456] (II) vmware(0): EDID for output Virtual2
[    22.456] (II) vmware(0): EDID for output Virtual3
[    22.456] (II) vmware(0): EDID for output Virtual4
[    22.456] (II) vmware(0): EDID for output Virtual5
[    22.456] (II) vmware(0): EDID for output Virtual6
[    22.456] (II) vmware(0): EDID for output Virtual7
[    22.456] (II) vmware(0): EDID for output Virtual8
[    22.456] (II) vmware(0): Output Virtual1 connected
[    22.456] (II) vmware(0): Output Virtual2 disconnected
[    22.456] (II) vmware(0): Output Virtual3 disconnected
[    22.456] (II) vmware(0): Output Virtual4 disconnected
[    22.456] (II) vmware(0): Output Virtual5 disconnected
[    22.456] (II) vmware(0): Output Virtual6 disconnected
[    22.456] (II) vmware(0): Output Virtual7 disconnected
[    22.457] (II) vmware(0): Output Virtual8 disconnected
[    22.457] (II) vmware(0): Using exact sizes for initial modes
[    22.457] (II) vmware(0): Output Virtual1 using initial mode 800x600 +0+0
[    22.457] (==) vmware(0): DPI set to (96, 96)
[    22.457] (==) vmware(0): Using gamma correction (1.0, 1.0, 1.0)
[    22.457] (II) Loading sub module "fb"
[    22.457] (II) LoadModule: "fb"
[    22.457] (II) Loading /usr/lib/xorg/modules/libfb.so
[    22.463] (II) Module fb: vendor="X.Org Foundation"
[    22.463] 	compiled for 1.20.5, module version = 1.0.0
[    22.463] 	ABI class: X.Org ANSI C Emulation, version 0.4
[    22.463] (II) Loading sub module "dri2"
[    22.463] (II) LoadModule: "dri2"
[    22.463] (II) Module "dri2" already built-in
[    22.463] (II) Loading sub module "dri3"
[    22.463] (II) LoadModule: "dri3"
[    22.464] (II) Module "dri3" already built-in
[    22.464] (II) UnloadModule: "modesetting"
[    22.464] (II) Unloading modesetting
[    22.464] (II) UnloadModule: "fbdev"
[    22.464] (II) Unloading fbdev
[    22.464] (II) UnloadSubModule: "fbdevhw"
[    22.464] (II) Unloading fbdevhw
[    22.464] (II) UnloadModule: "vesa"
[    22.464] (II) Unloading vesa
[    22.470] (II) vmware(0): Initialized VMWARE_CTRL extension version 0.2
[    22.502] (WW) vmware(0): Failed to initialize Gallium3D Xa. No render acceleration available.
[    22.502] (WW) vmware(0): Skipped initialization of direct rendering due to lack of render acceleration.
[    22.503] (--) vmware(0): Render acceleration is disabled.
[    22.503] (==) vmware(0): Rendercheck mode is disabled.
[    22.504] (--) vmware(0): Direct rendering (DRI2 3D) is disabled.
[    22.504] (--) vmware(0): Direct rendering (DRI3 3D) is disabled.
[    22.504] (==) vmware(0): Backing store enabled
[    22.505] (==) vmware(0): Silken mouse enabled
[    22.510] (==) vmware(0): DPMS enabled
[    22.511] (II) vmware(0): No 3D acceleration. Not setting up textured video.
[    22.511] (WW) vmware(0): Disabling Xv because no adaptors could be initialized.
[    22.512] (II) Initializing extension Generic Event Extension
[    22.513] (II) Initializing extension SHAPE
[    22.515] (II) Initializing extension MIT-SHM
[    22.516] (II) Initializing extension XInputExtension
[    22.519] (II) Initializing extension XTEST
[    22.520] (II) Initializing extension BIG-REQUESTS
[    22.521] (II) Initializing extension SYNC
[    22.522] (II) Initializing extension XKEYBOARD
[    22.524] (II) Initializing extension XC-MISC
[    22.525] (II) Initializing extension SECURITY
[    22.526] (II) Initializing extension XFIXES
[    22.528] (II) Initializing extension RENDER
[    22.529] (II) Initializing extension RANDR
[    22.531] (II) Initializing extension COMPOSITE
[    22.533] (II) Initializing extension DAMAGE
[    22.535] (II) Initializing extension MIT-SCREEN-SAVER
[    22.536] (II) Initializing extension DOUBLE-BUFFER
[    22.537] (II) Initializing extension RECORD
[    22.538] (II) Initializing extension DPMS
[    22.539] (II) Initializing extension Present
[    22.540] (II) Initializing extension DRI3
[    22.541] (II) Initializing extension X-Resource
[    22.542] (II) Initializing extension XVideo
[    22.544] (II) Initializing extension XVideo-MotionCompensation
[    22.544] (II) Initializing extension SELinux
[    22.544] (II) SELinux: Disabled on system
[    22.545] (II) Initializing extension GLX
[    22.546] (II) AIGLX: Screen 0 is not DRI2 capable
[    22.723] (II) IGLX: Loaded and initialized swrast
[    22.724] (II) GLX: Initialized DRISWRAST GL provider for screen 0
[    22.724] (II) Initializing extension XFree86-VidModeExtension
[    22.725] (II) Initializing extension XFree86-DGA
[    22.727] (II) Initializing extension XFree86-DRI
[    22.729] (II) Initializing extension DRI2
[    22.741] (II) vmware(0): Setting screen physical size to 211 x 158
[    22.995] (II) config/udev: Adding input device Power Button (/dev/input/event0)
[    22.995] (**) Power Button: Applying InputClass "libinput keyboard catchall"
[    22.995] (II) LoadModule: "libinput"
[    22.996] (II) Loading /usr/lib/xorg/modules/input/libinput_drv.so
[    23.007] (II) Module libinput: vendor="X.Org Foundation"
[    23.007] 	compiled for 1.20.1, module version = 0.28.1
[    23.008] 	Module class: X.Org XInput Driver
[    23.008] 	ABI class: X.Org XInput driver, version 24.1
[    23.008] (II) Using input driver 'libinput' for 'Power Button'
[    23.012] (II) systemd-logind: got fd for /dev/input/event0 13:64 fd 20 paused 0
[    23.013] (**) Power Button: always reports core events
[    23.013] (**) Option "Device" "/dev/input/event0"
[    23.013] (**) Option "_source" "server/udev"
[    23.014] (II) event0  - Power Button: is tagged by udev as: Keyboard
[    23.015] (II) event0  - Power Button: device is a keyboard
[    23.015] (II) event0  - Power Button: device removed
[    23.015] (**) Option "config_info" "udev:/sys/devices/LNXSYSTM:00/LNXPWRBN:00/input/input0/event0"
[    23.015] (II) XINPUT: Adding extended input device "Power Button" (type: KEYBOARD, id 6)
[    23.015] (**) Option "xkb_model" "pc105"
[    23.015] (**) Option "xkb_layout" "us"
[    23.017] (II) event0  - Power Button: is tagged by udev as: Keyboard
[    23.017] (II) event0  - Power Button: device is a keyboard
[    23.018] (II) config/udev: Adding input device Sleep Button (/dev/input/event1)
[    23.018] (**) Sleep Button: Applying InputClass "libinput keyboard catchall"
[    23.018] (II) Using input driver 'libinput' for 'Sleep Button'
[    23.022] (II) systemd-logind: got fd for /dev/input/event1 13:65 fd 23 paused 0
[    23.022] (**) Sleep Button: always reports core events
[    23.022] (**) Option "Device" "/dev/input/event1"
[    23.022] (**) Option "_source" "server/udev"
[    23.023] (II) event1  - Sleep Button: is tagged by udev as: Keyboard
[    23.024] (II) event1  - Sleep Button: device is a keyboard
[    23.024] (II) event1  - Sleep Button: device removed
[    23.024] (**) Option "config_info" "udev:/sys/devices/LNXSYSTM:00/LNXSLPBN:00/input/input1/event1"
[    23.024] (II) XINPUT: Adding extended input device "Sleep Button" (type: KEYBOARD, id 7)
[    23.024] (**) Option "xkb_model" "pc105"
[    23.024] (**) Option "xkb_layout" "us"
[    23.025] (II) event1  - Sleep Button: is tagged by udev as: Keyboard
[    23.026] (II) event1  - Sleep Button: device is a keyboard
[    23.027] (II) config/udev: Adding input device Video Bus (/dev/input/event3)
[    23.027] (**) Video Bus: Applying InputClass "libinput keyboard catchall"
[    23.027] (II) Using input driver 'libinput' for 'Video Bus'
[    23.031] (II) systemd-logind: got fd for /dev/input/event3 13:67 fd 24 paused 0
[    23.032] (**) Video Bus: always reports core events
[    23.032] (**) Option "Device" "/dev/input/event3"
[    23.032] (**) Option "_source" "server/udev"
[    23.033] (II) event3  - Video Bus: is tagged by udev as: Keyboard
[    23.033] (II) event3  - Video Bus: device is a keyboard
[    23.033] (II) event3  - Video Bus: device removed
[    23.034] (**) Option "config_info" "udev:/sys/devices/LNXSYSTM:00/LNXSYBUS:00/PNP0A03:00/LNXVIDEO:00/input/input4/event3"
[    23.034] (II) XINPUT: Adding extended input device "Video Bus" (type: KEYBOARD, id 8)
[    23.034] (**) Option "xkb_model" "pc105"
[    23.034] (**) Option "xkb_layout" "us"
[    23.036] (II) event3  - Video Bus: is tagged by udev as: Keyboard
[    23.036] (II) event3  - Video Bus: device is a keyboard
[    23.038] (II) config/udev: Adding input device VirtualBox mouse integration (/dev/input/event6)
[    23.038] (**) VirtualBox mouse integration: Applying InputClass "libinput pointer catchall"
[    23.038] (II) Using input driver 'libinput' for 'VirtualBox mouse integration'
[    23.042] (II) systemd-logind: got fd for /dev/input/event6 13:70 fd 25 paused 0
[    23.042] (**) VirtualBox mouse integration: always reports core events
[    23.042] (**) Option "Device" "/dev/input/event6"
[    23.043] (**) Option "_source" "server/udev"
[    23.044] (II) event6  - VirtualBox mouse integration: is tagged by udev as: Mouse
[    23.044] (II) event6  - VirtualBox mouse integration: device is a pointer
[    23.044] (II) event6  - VirtualBox mouse integration: device removed
[    23.044] (**) Option "config_info" "udev:/sys/devices/pci0000:00/0000:00:04.0/input/input7/event6"
[    23.045] (II) XINPUT: Adding extended input device "VirtualBox mouse integration" (type: MOUSE, id 9)
[    23.045] (**) Option "AccelerationScheme" "none"
[    23.045] (**) VirtualBox mouse integration: (accel) selected scheme none/0
[    23.046] (**) VirtualBox mouse integration: (accel) acceleration factor: 2.000
[    23.046] (**) VirtualBox mouse integration: (accel) acceleration threshold: 4
[    23.047] (II) event6  - VirtualBox mouse integration: is tagged by udev as: Mouse
[    23.047] (II) event6  - VirtualBox mouse integration: device is a pointer
[    23.048] (II) config/udev: Adding input device VirtualBox mouse integration (/dev/input/js1)
[    23.048] (II) No input driver specified, ignoring this device.
[    23.048] (II) This device may have been added with another device file.
[    23.049] (II) config/udev: Adding input device VirtualBox USB Tablet (/dev/input/event5)
[    23.049] (**) VirtualBox USB Tablet: Applying InputClass "libinput pointer catchall"
[    23.049] (II) Using input driver 'libinput' for 'VirtualBox USB Tablet'
[    23.116] (II) systemd-logind: got fd for /dev/input/event5 13:69 fd 26 paused 0
[    23.116] (**) VirtualBox USB Tablet: always reports core events
[    23.116] (**) Option "Device" "/dev/input/event5"
[    23.118] (**) Option "_source" "server/udev"
[    23.123] (II) event5  - VirtualBox USB Tablet: is tagged by udev as: Mouse
[    23.123] (II) event5  - VirtualBox USB Tablet: device is a pointer
[    23.124] (II) event5  - VirtualBox USB Tablet: device removed
[    23.124] (**) Option "config_info" "udev:/sys/devices/pci0000:00/0000:00:06.0/usb1/1-1/1-1:1.0/0003:80EE:0021.0001/input/input6/event5"
[    23.125] (II) XINPUT: Adding extended input device "VirtualBox USB Tablet" (type: MOUSE, id 10)
[    23.126] (**) Option "AccelerationScheme" "none"
[    23.128] (**) VirtualBox USB Tablet: (accel) selected scheme none/0
[    23.128] (**) VirtualBox USB Tablet: (accel) acceleration factor: 2.000
[    23.129] (**) VirtualBox USB Tablet: (accel) acceleration threshold: 4
[    23.132] (II) event5  - VirtualBox USB Tablet: is tagged by udev as: Mouse
[    23.133] (II) event5  - VirtualBox USB Tablet: device is a pointer
[    23.136] (II) config/udev: Adding input device VirtualBox USB Tablet (/dev/input/js0)
[    23.136] (II) No input driver specified, ignoring this device.
[    23.137] (II) This device may have been added with another device file.
[    23.140] (II) config/udev: Adding input device VirtualBox USB Tablet (/dev/input/mouse1)
[    23.141] (II) No input driver specified, ignoring this device.
[    23.141] (II) This device may have been added with another device file.
[    23.144] (II) config/udev: Adding input device AT Translated Set 2 keyboard (/dev/input/event2)
[    23.145] (**) AT Translated Set 2 keyboard: Applying InputClass "libinput keyboard catchall"
[    23.145] (II) Using input driver 'libinput' for 'AT Translated Set 2 keyboard'
[    23.156] (II) systemd-logind: got fd for /dev/input/event2 13:66 fd 27 paused 0
[    23.157] (**) AT Translated Set 2 keyboard: always reports core events
[    23.157] (**) Option "Device" "/dev/input/event2"
[    23.158] (**) Option "_source" "server/udev"
[    23.161] (II) event2  - AT Translated Set 2 keyboard: is tagged by udev as: Keyboard
[    23.162] (II) event2  - AT Translated Set 2 keyboard: device is a keyboard
[    23.163] (II) event2  - AT Translated Set 2 keyboard: device removed
[    23.163] (**) Option "config_info" "udev:/sys/devices/platform/i8042/serio0/input/input2/event2"
[    23.164] (II) XINPUT: Adding extended input device "AT Translated Set 2 keyboard" (type: KEYBOARD, id 11)
[    23.165] (**) Option "xkb_model" "pc105"
[    23.165] (**) Option "xkb_layout" "us"
[    23.169] (II) event2  - AT Translated Set 2 keyboard: is tagged by udev as: Keyboard
[    23.170] (II) event2  - AT Translated Set 2 keyboard: device is a keyboard
[    23.172] (II) config/udev: Adding input device ImExPS/2 Generic Explorer Mouse (/dev/input/event4)
[    23.173] (**) ImExPS/2 Generic Explorer Mouse: Applying InputClass "libinput pointer catchall"
[    23.173] (II) Using input driver 'libinput' for 'ImExPS/2 Generic Explorer Mouse'
[    23.185] (II) systemd-logind: got fd for /dev/input/event4 13:68 fd 28 paused 0
[    23.185] (**) ImExPS/2 Generic Explorer Mouse: always reports core events
[    23.185] (**) Option "Device" "/dev/input/event4"
[    23.187] (**) Option "_source" "server/udev"
[    23.190] (II) event4  - ImExPS/2 Generic Explorer Mouse: is tagged by udev as: Mouse
[    23.190] (II) event4  - ImExPS/2 Generic Explorer Mouse: device is a pointer
[    23.191] (II) event4  - ImExPS/2 Generic Explorer Mouse: device removed
[    23.191] (**) Option "config_info" "udev:/sys/devices/platform/i8042/serio1/input/input5/event4"
[    23.193] (II) XINPUT: Adding extended input device "ImExPS/2 Generic Explorer Mouse" (type: MOUSE, id 12)
[    23.194] (**) Option "AccelerationScheme" "none"
[    23.196] (**) ImExPS/2 Generic Explorer Mouse: (accel) selected scheme none/0
[    23.197] (**) ImExPS/2 Generic Explorer Mouse: (accel) acceleration factor: 2.000
[    23.197] (**) ImExPS/2 Generic Explorer Mouse: (accel) acceleration threshold: 4
[    23.200] (II) event4  - ImExPS/2 Generic Explorer Mouse: is tagged by udev as: Mouse
[    23.200] (II) event4  - ImExPS/2 Generic Explorer Mouse: device is a pointer
[    23.202] (II) config/udev: Adding input device ImExPS/2 Generic Explorer Mouse (/dev/input/mouse0)
[    23.204] (II) No input driver specified, ignoring this device.
[    23.204] (II) This device may have been added with another device file.
[    25.984] (EE) No surface to present from.
